#
# There is insufficient memory for the Java Runtime Environment to continue.
# Native memory allocation (malloc) failed to allocate 2104016 bytes for Chunk::new
# Possible reasons:
#   The system is out of physical RAM or swap space
#   The process is running with CompressedOops enabled, and the Java Heap may be blocking the growth of the native heap
# Possible solutions:
#   Reduce memory load on the system
#   Increase physical memory or swap space
#   Check if swap backing store is full
#   Decrease Java heap size (-Xmx/-Xms)
#   Decrease number of Java threads
#   Decrease Java thread stack sizes (-Xss)
#   Set larger code cache with -XX:ReservedCodeCacheSize=
#   JVM is running with Unscaled Compressed Oops mode in which the Java heap is
#     placed in the first 4GB address space. The Java Heap base address is the
#     maximum limit for the native heap growth. Please use -XX:HeapBaseMinAddress
#     to set the Java Heap base and to place the Java Heap above 4GB virtual address.
# This output file may be truncated or incomplete.
#
#  Out of Memory Error (arena.cpp:191), pid=5180, tid=4132
#
# JRE version: OpenJDK Runtime Environment (17.0.10) (build 17.0.10+0--11609105)
# Java VM: OpenJDK 64-Bit Server VM (17.0.10+0--11609105, mixed mode, tiered, compressed oops, compressed class ptrs, g1 gc, windows-amd64)
# No core dump will be written. Minidumps are not enabled by default on client versions of Windows
#

---------------  S U M M A R Y ------------

Command Line: org.jetbrains.kotlin.cli.jvm.K2JVMCompiler @C:\Users\USER\Documents\code jp\john\EquiFarmApplication\app\build\20240917_9498458971551215823.compiler.options

Host: Intel(R) Core(TM) i5-6200U CPU @ 2.30GHz, 4 cores, 7G,  Windows 10 , 64 bit Build 19041 (10.0.19041.4842)
Time: Tue Sep 17 20:46:09 2024 E. Africa Standard Time elapsed time: 9.440468 seconds (0d 0h 0m 9s)

---------------  T H R E A D  ---------------

Current thread (0x000001ce5d033f30):  JavaThread "C2 CompilerThread0" daemon [_thread_in_native, id=4132, stack(0x00000064a7f00000,0x00000064a8000000)]


Current CompileTask:
C2:   9440 4040   !   4       org.jetbrains.kotlin.metadata.ProtoBuf$Function::<init> (1410 bytes)

Stack: [0x00000064a7f00000,0x00000064a8000000]
Native frames: (J=compiled Java code, j=interpreted, Vv=VM code, C=native code)
V  [jvm.dll+0x688de9]
V  [jvm.dll+0x8423da]
V  [jvm.dll+0x84401e]
V  [jvm.dll+0x844683]
V  [jvm.dll+0x24be0f]
V  [jvm.dll+0xac524]
V  [jvm.dll+0xacb6c]
V  [jvm.dll+0x36bd12]
V  [jvm.dll+0x33615a]
V  [jvm.dll+0x3355fa]
V  [jvm.dll+0x21daa1]
V  [jvm.dll+0x21cec1]
V  [jvm.dll+0x1a60ad]
V  [jvm.dll+0x22cd78]
V  [jvm.dll+0x22aeb0]
V  [jvm.dll+0x7f6877]
V  [jvm.dll+0x7f0c7a]
V  [jvm.dll+0x687c65]
C  [ucrtbase.dll+0x21bb2]
C  [KERNEL32.DLL+0x17374]
C  [ntdll.dll+0x4cc91]


---------------  P R O C E S S  ---------------

Threads class SMR info:
_java_thread_list=0x000001ce5de73880, length=12, elements={
0x000001ce3f6def80, 0x000001ce5d013620, 0x000001ce58bcbe00, 0x000001ce5d02f4e0,
0x000001ce5d02feb0, 0x000001ce5d032880, 0x000001ce5d033240, 0x000001ce5d033f30,
0x000001ce58c0e950, 0x000001ce5d0a8670, 0x000001ce5d19c730, 0x000001ce5d1a52e0
}

Java Threads: ( => current thread )
  0x000001ce3f6def80 JavaThread "main" [_thread_in_vm, id=4300, stack(0x00000064a7200000,0x00000064a7300000)]
  0x000001ce5d013620 JavaThread "Reference Handler" daemon [_thread_blocked, id=11780, stack(0x00000064a7900000,0x00000064a7a00000)]
  0x000001ce58bcbe00 JavaThread "Finalizer" daemon [_thread_blocked, id=8160, stack(0x00000064a7a00000,0x00000064a7b00000)]
  0x000001ce5d02f4e0 JavaThread "Signal Dispatcher" daemon [_thread_blocked, id=13256, stack(0x00000064a7b00000,0x00000064a7c00000)]
  0x000001ce5d02feb0 JavaThread "Attach Listener" daemon [_thread_blocked, id=12320, stack(0x00000064a7c00000,0x00000064a7d00000)]
  0x000001ce5d032880 JavaThread "Service Thread" daemon [_thread_blocked, id=13272, stack(0x00000064a7d00000,0x00000064a7e00000)]
  0x000001ce5d033240 JavaThread "Monitor Deflation Thread" daemon [_thread_blocked, id=4768, stack(0x00000064a7e00000,0x00000064a7f00000)]
=>0x000001ce5d033f30 JavaThread "C2 CompilerThread0" daemon [_thread_in_native, id=4132, stack(0x00000064a7f00000,0x00000064a8000000)]
  0x000001ce58c0e950 JavaThread "C1 CompilerThread0" daemon [_thread_blocked, id=7192, stack(0x00000064a8000000,0x00000064a8100000)]
  0x000001ce5d0a8670 JavaThread "Sweeper thread" daemon [_thread_blocked, id=15040, stack(0x00000064a8100000,0x00000064a8200000)]
  0x000001ce5d19c730 JavaThread "Notification Thread" daemon [_thread_blocked, id=2704, stack(0x00000064a8200000,0x00000064a8300000)]
  0x000001ce5d1a52e0 JavaThread "Common-Cleaner" daemon [_thread_blocked, id=13224, stack(0x00000064a8400000,0x00000064a8500000)]

Other Threads:
  0x000001ce58be5840 VMThread "VM Thread" [stack: 0x00000064a7800000,0x00000064a7900000] [id=13808]
  0x000001ce5d19cc10 WatcherThread [stack: 0x00000064a8300000,0x00000064a8400000] [id=13612]
  0x000001ce3f739750 GCTaskThread "GC Thread#0" [stack: 0x00000064a7300000,0x00000064a7400000] [id=13904]
  0x000001ce5d5cba80 GCTaskThread "GC Thread#1" [stack: 0x00000064a8500000,0x00000064a8600000] [id=14108]
  0x000001ce5d5cbd40 GCTaskThread "GC Thread#2" [stack: 0x00000064a8600000,0x00000064a8700000] [id=13020]
  0x000001ce5d60d660 GCTaskThread "GC Thread#3" [stack: 0x00000064a8700000,0x00000064a8800000] [id=7308]
  0x000001ce3f74a320 ConcurrentGCThread "G1 Main Marker" [stack: 0x00000064a7400000,0x00000064a7500000] [id=11448]
  0x000001ce3f74ad40 ConcurrentGCThread "G1 Conc#0" [stack: 0x00000064a7500000,0x00000064a7600000] [id=8080]
  0x000001ce3f79e3f0 ConcurrentGCThread "G1 Refine#0" [stack: 0x00000064a7600000,0x00000064a7700000] [id=10484]
  0x000001ce58a300a0 ConcurrentGCThread "G1 Service" [stack: 0x00000064a7700000,0x00000064a7800000] [id=9960]

Threads with active compile tasks:
C2 CompilerThread0     9484 4040   !   4       org.jetbrains.kotlin.metadata.ProtoBuf$Function::<init> (1410 bytes)

VM state: not at safepoint (normal execution)

VM Mutex/Monitor currently owned by a thread: None

Heap address: 0x0000000081c00000, size: 2020 MB, Compressed Oops mode: 32-bit

CDS archive(s) not mapped
Compressed class space mapped at: 0x0000000100000000-0x0000000140000000, reserved size: 1073741824
Narrow klass base: 0x0000000000000000, Narrow klass shift: 3, Narrow klass range: 0x140000000

GC Precious Log:
 CPUs: 4 total, 4 available
 Memory: 8072M
 Large Page Support: Disabled
 NUMA Support: Disabled
 Compressed Oops: Enabled (32-bit)
 Heap Region Size: 1M
 Heap Min Capacity: 8M
 Heap Initial Capacity: 128M
 Heap Max Capacity: 2020M
 Pre-touch: Disabled
 Parallel Workers: 4
 Concurrent Workers: 1
 Concurrent Refinement Workers: 4
 Periodic GC: Disabled

Heap:
 garbage-first heap   total 79872K, used 35925K [0x0000000081c00000, 0x0000000100000000)
  region size 1024K, 10 young (10240K), 4 survivors (4096K)
 Metaspace       used 52476K, committed 52736K, reserved 1114112K
  class space    used 6399K, committed 6528K, reserved 1048576K

Heap Regions: E=young(eden), S=young(survivor), O=old, HS=humongous(starts), HC=humongous(continues), CS=collection set, F=free, OA=open archive, CA=closed archive, TAMS=top-at-mark-start (previous, next)
|   0|0x0000000081c00000, 0x0000000081d00000, 0x0000000081d00000|100%|HS|  |TAMS 0x0000000081d00000, 0x0000000081c00000| Complete 
|   1|0x0000000081d00000, 0x0000000081e00000, 0x0000000081e00000|100%|HC|  |TAMS 0x0000000081e00000, 0x0000000081d00000| Complete 
|   2|0x0000000081e00000, 0x0000000081f00000, 0x0000000081f00000|100%|HC|  |TAMS 0x0000000081f00000, 0x0000000081e00000| Complete 
|   3|0x0000000081f00000, 0x0000000082000000, 0x0000000082000000|100%|HC|  |TAMS 0x0000000082000000, 0x0000000081f00000| Complete 
|   4|0x0000000082000000, 0x00000000820f8000, 0x0000000082100000| 96%| O|  |TAMS 0x00000000820f8000, 0x0000000082000000| Untracked 
|   5|0x0000000082100000, 0x0000000082200000, 0x0000000082200000|100%| O|  |TAMS 0x0000000082200000, 0x0000000082100000| Untracked 
|   6|0x0000000082200000, 0x0000000082300000, 0x0000000082300000|100%| O|  |TAMS 0x0000000082300000, 0x0000000082200000| Untracked 
|   7|0x0000000082300000, 0x0000000082400000, 0x0000000082400000|100%| O|  |TAMS 0x0000000082400000, 0x0000000082300000| Untracked 
|   8|0x0000000082400000, 0x0000000082500000, 0x0000000082500000|100%| O|  |TAMS 0x0000000082500000, 0x0000000082400000| Untracked 
|   9|0x0000000082500000, 0x0000000082600000, 0x0000000082600000|100%| O|  |TAMS 0x0000000082600000, 0x0000000082500000| Untracked 
|  10|0x0000000082600000, 0x0000000082700000, 0x0000000082700000|100%| O|  |TAMS 0x0000000082700000, 0x0000000082600000| Untracked 
|  11|0x0000000082700000, 0x0000000082800000, 0x0000000082800000|100%| O|  |TAMS 0x0000000082800000, 0x0000000082700000| Untracked 
|  12|0x0000000082800000, 0x0000000082900000, 0x0000000082900000|100%| O|  |TAMS 0x0000000082900000, 0x0000000082800000| Untracked 
|  13|0x0000000082900000, 0x0000000082a00000, 0x0000000082a00000|100%| O|  |TAMS 0x0000000082a00000, 0x0000000082900000| Untracked 
|  14|0x0000000082a00000, 0x0000000082b00000, 0x0000000082b00000|100%| O|  |TAMS 0x0000000082b00000, 0x0000000082a00000| Untracked 
|  15|0x0000000082b00000, 0x0000000082c00000, 0x0000000082c00000|100%| O|  |TAMS 0x0000000082c00000, 0x0000000082b00000| Untracked 
|  16|0x0000000082c00000, 0x0000000082d00000, 0x0000000082d00000|100%|HS|  |TAMS 0x0000000082d00000, 0x0000000082c00000| Complete 
|  17|0x0000000082d00000, 0x0000000082e00000, 0x0000000082e00000|100%|HC|  |TAMS 0x0000000082e00000, 0x0000000082d00000| Complete 
|  18|0x0000000082e00000, 0x0000000082f00000, 0x0000000082f00000|100%| O|  |TAMS 0x0000000082f00000, 0x0000000082e00000| Untracked 
|  19|0x0000000082f00000, 0x0000000083000000, 0x0000000083000000|100%| O|  |TAMS 0x0000000083000000, 0x0000000082f00000| Untracked 
|  20|0x0000000083000000, 0x0000000083100000, 0x0000000083100000|100%| O|  |TAMS 0x0000000083100000, 0x0000000083000000| Untracked 
|  21|0x0000000083100000, 0x0000000083200000, 0x0000000083200000|100%| O|  |TAMS 0x0000000083200000, 0x0000000083100000| Untracked 
|  22|0x0000000083200000, 0x0000000083300000, 0x0000000083300000|100%| O|  |TAMS 0x000000008324a400, 0x0000000083200000| Untracked 
|  23|0x0000000083300000, 0x0000000083400000, 0x0000000083400000|100%| O|  |TAMS 0x0000000083300000, 0x0000000083300000| Untracked 
|  24|0x0000000083400000, 0x0000000083500000, 0x0000000083500000|100%| O|  |TAMS 0x0000000083400000, 0x0000000083400000| Untracked 
|  25|0x0000000083500000, 0x0000000083556000, 0x0000000083600000| 33%| O|  |TAMS 0x0000000083500000, 0x0000000083500000| Untracked 
|  26|0x0000000083600000, 0x0000000083600000, 0x0000000083700000|  0%| F|  |TAMS 0x0000000083600000, 0x0000000083600000| Untracked 
|  27|0x0000000083700000, 0x0000000083700000, 0x0000000083800000|  0%| F|  |TAMS 0x0000000083700000, 0x0000000083700000| Untracked 
|  28|0x0000000083800000, 0x0000000083800000, 0x0000000083900000|  0%| F|  |TAMS 0x0000000083800000, 0x0000000083800000| Untracked 
|  29|0x0000000083900000, 0x0000000083900000, 0x0000000083a00000|  0%| F|  |TAMS 0x0000000083900000, 0x0000000083900000| Untracked 
|  30|0x0000000083a00000, 0x0000000083a00000, 0x0000000083b00000|  0%| F|  |TAMS 0x0000000083a00000, 0x0000000083a00000| Untracked 
|  31|0x0000000083b00000, 0x0000000083b00000, 0x0000000083c00000|  0%| F|  |TAMS 0x0000000083b00000, 0x0000000083b00000| Untracked 
|  32|0x0000000083c00000, 0x0000000083c00000, 0x0000000083d00000|  0%| F|  |TAMS 0x0000000083c00000, 0x0000000083c00000| Untracked 
|  33|0x0000000083d00000, 0x0000000083d00000, 0x0000000083e00000|  0%| F|  |TAMS 0x0000000083d00000, 0x0000000083d00000| Untracked 
|  34|0x0000000083e00000, 0x0000000083e00000, 0x0000000083f00000|  0%| F|  |TAMS 0x0000000083e00000, 0x0000000083e00000| Untracked 
|  35|0x0000000083f00000, 0x0000000083f00000, 0x0000000084000000|  0%| F|  |TAMS 0x0000000083f00000, 0x0000000083f00000| Untracked 
|  36|0x0000000084000000, 0x0000000084000000, 0x0000000084100000|  0%| F|  |TAMS 0x0000000084000000, 0x0000000084000000| Untracked 
|  37|0x0000000084100000, 0x0000000084100000, 0x0000000084200000|  0%| F|  |TAMS 0x0000000084100000, 0x0000000084100000| Untracked 
|  38|0x0000000084200000, 0x0000000084200000, 0x0000000084300000|  0%| F|  |TAMS 0x0000000084200000, 0x0000000084200000| Untracked 
|  39|0x0000000084300000, 0x0000000084300000, 0x0000000084400000|  0%| F|  |TAMS 0x0000000084300000, 0x0000000084300000| Untracked 
|  40|0x0000000084400000, 0x0000000084400000, 0x0000000084500000|  0%| F|  |TAMS 0x0000000084400000, 0x0000000084400000| Untracked 
|  41|0x0000000084500000, 0x0000000084500000, 0x0000000084600000|  0%| F|  |TAMS 0x0000000084500000, 0x0000000084500000| Untracked 
|  42|0x0000000084600000, 0x0000000084600000, 0x0000000084700000|  0%| F|  |TAMS 0x0000000084600000, 0x0000000084600000| Untracked 
|  43|0x0000000084700000, 0x0000000084700000, 0x0000000084800000|  0%| F|  |TAMS 0x0000000084700000, 0x0000000084700000| Untracked 
|  44|0x0000000084800000, 0x0000000084800000, 0x0000000084900000|  0%| F|  |TAMS 0x0000000084800000, 0x0000000084800000| Untracked 
|  45|0x0000000084900000, 0x00000000849c74e8, 0x0000000084a00000| 77%| S|CS|TAMS 0x0000000084900000, 0x0000000084900000| Complete 
|  46|0x0000000084a00000, 0x0000000084b00000, 0x0000000084b00000|100%| S|CS|TAMS 0x0000000084a00000, 0x0000000084a00000| Complete 
|  47|0x0000000084b00000, 0x0000000084c00000, 0x0000000084c00000|100%| S|CS|TAMS 0x0000000084b00000, 0x0000000084b00000| Complete 
|  48|0x0000000084c00000, 0x0000000084d00000, 0x0000000084d00000|100%| S|CS|TAMS 0x0000000084c00000, 0x0000000084c00000| Complete 
|  49|0x0000000084d00000, 0x0000000084d00000, 0x0000000084e00000|  0%| F|  |TAMS 0x0000000084d00000, 0x0000000084d00000| Untracked 
|  50|0x0000000084e00000, 0x0000000084e00000, 0x0000000084f00000|  0%| F|  |TAMS 0x0000000084e00000, 0x0000000084e00000| Untracked 
|  51|0x0000000084f00000, 0x0000000084f00000, 0x0000000085000000|  0%| F|  |TAMS 0x0000000084f00000, 0x0000000084f00000| Untracked 
|  52|0x0000000085000000, 0x0000000085000000, 0x0000000085100000|  0%| F|  |TAMS 0x0000000085000000, 0x0000000085000000| Untracked 
|  53|0x0000000085100000, 0x0000000085100000, 0x0000000085200000|  0%| F|  |TAMS 0x0000000085100000, 0x0000000085100000| Untracked 
|  54|0x0000000085200000, 0x0000000085200000, 0x0000000085300000|  0%| F|  |TAMS 0x0000000085200000, 0x0000000085200000| Untracked 
|  55|0x0000000085300000, 0x0000000085300000, 0x0000000085400000|  0%| F|  |TAMS 0x0000000085300000, 0x0000000085300000| Untracked 
|  56|0x0000000085400000, 0x0000000085400000, 0x0000000085500000|  0%| F|  |TAMS 0x0000000085400000, 0x0000000085400000| Untracked 
|  57|0x0000000085500000, 0x0000000085500000, 0x0000000085600000|  0%| F|  |TAMS 0x0000000085500000, 0x0000000085500000| Untracked 
|  58|0x0000000085600000, 0x0000000085600000, 0x0000000085700000|  0%| F|  |TAMS 0x0000000085600000, 0x0000000085600000| Untracked 
|  59|0x0000000085700000, 0x0000000085700000, 0x0000000085800000|  0%| F|  |TAMS 0x0000000085700000, 0x0000000085700000| Untracked 
|  60|0x0000000085800000, 0x0000000085800000, 0x0000000085900000|  0%| F|  |TAMS 0x0000000085800000, 0x0000000085800000| Untracked 
|  61|0x0000000085900000, 0x0000000085900000, 0x0000000085a00000|  0%| F|  |TAMS 0x0000000085900000, 0x0000000085900000| Untracked 
|  62|0x0000000085a00000, 0x0000000085a00000, 0x0000000085b00000|  0%| F|  |TAMS 0x0000000085a00000, 0x0000000085a00000| Untracked 
|  63|0x0000000085b00000, 0x0000000085b00000, 0x0000000085c00000|  0%| F|  |TAMS 0x0000000085b00000, 0x0000000085b00000| Untracked 
|  64|0x0000000085c00000, 0x0000000085c00000, 0x0000000085d00000|  0%| F|  |TAMS 0x0000000085c00000, 0x0000000085c00000| Untracked 
|  65|0x0000000085d00000, 0x0000000085d00000, 0x0000000085e00000|  0%| F|  |TAMS 0x0000000085d00000, 0x0000000085d00000| Untracked 
|  66|0x0000000085e00000, 0x0000000085e00000, 0x0000000085f00000|  0%| F|  |TAMS 0x0000000085e00000, 0x0000000085e00000| Untracked 
|  67|0x0000000085f00000, 0x0000000085f00000, 0x0000000086000000|  0%| F|  |TAMS 0x0000000085f00000, 0x0000000085f00000| Untracked 
|  68|0x0000000086000000, 0x0000000086000000, 0x0000000086100000|  0%| F|  |TAMS 0x0000000086000000, 0x0000000086000000| Untracked 
|  69|0x0000000086100000, 0x0000000086100000, 0x0000000086200000|  0%| F|  |TAMS 0x0000000086100000, 0x0000000086100000| Untracked 
|  96|0x0000000087c00000, 0x0000000087c89918, 0x0000000087d00000| 53%| E|  |TAMS 0x0000000087c00000, 0x0000000087c00000| Complete 
|  97|0x0000000087d00000, 0x0000000087e00000, 0x0000000087e00000|100%| E|CS|TAMS 0x0000000087d00000, 0x0000000087d00000| Complete 
|  98|0x0000000087e00000, 0x0000000087f00000, 0x0000000087f00000|100%| E|CS|TAMS 0x0000000087e00000, 0x0000000087e00000| Complete 
|  99|0x0000000087f00000, 0x0000000088000000, 0x0000000088000000|100%| E|CS|TAMS 0x0000000087f00000, 0x0000000087f00000| Complete 
| 100|0x0000000088000000, 0x0000000088100000, 0x0000000088100000|100%| E|  |TAMS 0x0000000088000000, 0x0000000088000000| Complete 
| 127|0x0000000089b00000, 0x0000000089c00000, 0x0000000089c00000|100%| E|CS|TAMS 0x0000000089b00000, 0x0000000089b00000| Complete 
|2018|0x00000000ffe00000, 0x00000000fff00000, 0x00000000fff00000|100%| O|  |TAMS 0x00000000fff00000, 0x00000000ffe00000| Untracked 
|2019|0x00000000fff00000, 0x0000000100000000, 0x0000000100000000|100%| O|  |TAMS 0x0000000100000000, 0x00000000fff00000| Untracked 

Card table byte_map: [0x000001ce51fc0000,0x000001ce523c0000] _byte_map_base: 0x000001ce51bb2000

Marking Bits (Prev, Next): (CMBitMap*) 0x000001ce3f739db0, (CMBitMap*) 0x000001ce3f739d70
 Prev Bits: [0x000001ce54750000, 0x000001ce566e0000)
 Next Bits: [0x000001ce527c0000, 0x000001ce54750000)

Polling page: 0x000001ce3d490000

Metaspace:

Usage:
  Non-class:     45.00 MB used.
      Class:      6.25 MB used.
       Both:     51.25 MB used.

Virtual space:
  Non-class space:       64.00 MB reserved,      45.12 MB ( 71%) committed,  1 nodes.
      Class space:        1.00 GB reserved,       6.38 MB ( <1%) committed,  1 nodes.
             Both:        1.06 GB reserved,      51.50 MB (  5%) committed. 

Chunk freelists:
   Non-Class:  2.83 MB
       Class:  9.64 MB
        Both:  12.47 MB

MaxMetaspaceSize: unlimited
CompressedClassSpaceSize: 1.00 GB
Initial GC threshold: 21.00 MB
Current GC threshold: 83.44 MB
CDS: off
MetaspaceReclaimPolicy: balanced
 - commit_granule_bytes: 65536.
 - commit_granule_words: 8192.
 - virtual_space_node_default_size: 8388608.
 - enlarge_chunks_in_place: 1.
 - new_chunks_are_fully_committed: 0.
 - uncommit_free_chunks: 1.
 - use_allocation_guard: 0.
 - handle_deallocations: 1.


Internal statistics:

num_allocs_failed_limit: 6.
num_arena_births: 192.
num_arena_deaths: 0.
num_vsnodes_births: 2.
num_vsnodes_deaths: 0.
num_space_committed: 822.
num_space_uncommitted: 0.
num_chunks_returned_to_freelist: 6.
num_chunks_taken_from_freelist: 1703.
num_chunk_merges: 6.
num_chunk_splits: 1427.
num_chunks_enlarged: 1301.
num_inconsistent_stats: 0.

CodeHeap 'non-profiled nmethods': size=120000Kb used=1663Kb max_used=1663Kb free=118336Kb
 bounds [0x000001ce4a690000, 0x000001ce4a900000, 0x000001ce51bc0000]
CodeHeap 'profiled nmethods': size=120000Kb used=8869Kb max_used=8869Kb free=111130Kb
 bounds [0x000001ce42bc0000, 0x000001ce43470000, 0x000001ce4a0f0000]
CodeHeap 'non-nmethods': size=5760Kb used=1270Kb max_used=1325Kb free=4489Kb
 bounds [0x000001ce4a0f0000, 0x000001ce4a360000, 0x000001ce4a690000]
 total_blobs=4744 nmethods=4161 adapters=494
 compilation: enabled
              stopped_count=0, restarted_count=0
 full_count=0

Compilation events (20 events):
Event: 9.356 Thread 0x000001ce58c0e950 4184       1       org.jetbrains.kotlin.load.java.typeEnhancement.AbstractSignatureParts$TypeAndDefaultQualifiers::getTypeParameterForArgument (5 bytes)
Event: 9.356 Thread 0x000001ce58c0e950 nmethod 4184 0x000001ce4a82e810 code [0x000001ce4a82e9a0, 0x000001ce4a82ea78]
Event: 9.359 Thread 0x000001ce58c0e950 4185   !   3       kotlin.jvm.internal.ArrayIterator::next (48 bytes)
Event: 9.360 Thread 0x000001ce58c0e950 nmethod 4185 0x000001ce43467490 code [0x000001ce43467660, 0x000001ce43467958]
Event: 9.360 Thread 0x000001ce58c0e950 4186       1       org.jetbrains.kotlin.load.java.typeEnhancement.SignatureParts::getContainerApplicabilityType (5 bytes)
Event: 9.360 Thread 0x000001ce58c0e950 nmethod 4186 0x000001ce4a82eb10 code [0x000001ce4a82eca0, 0x000001ce4a82ed78]
Event: 9.360 Thread 0x000001ce58c0e950 4187       1       org.jetbrains.kotlin.load.java.typeEnhancement.SignatureParts::isCovariant (5 bytes)
Event: 9.360 Thread 0x000001ce58c0e950 nmethod 4187 0x000001ce4a82ee10 code [0x000001ce4a82efa0, 0x000001ce4a82f078]
Event: 9.362 Thread 0x000001ce58c0e950 4188       1       org.jetbrains.kotlin.load.java.JavaClassFinder$Request::component1 (5 bytes)
Event: 9.362 Thread 0x000001ce58c0e950 nmethod 4188 0x000001ce4a82f110 code [0x000001ce4a82f2a0, 0x000001ce4a82f378]
Event: 9.363 Thread 0x000001ce58c0e950 4189       1       org.jetbrains.kotlin.load.java.JavaClassFinder$Request::component2 (5 bytes)
Event: 9.363 Thread 0x000001ce58c0e950 nmethod 4189 0x000001ce4a82f410 code [0x000001ce4a82f5a0, 0x000001ce4a82f678]
Event: 9.363 Thread 0x000001ce58c0e950 4190       1       org.jetbrains.kotlin.load.java.JavaClassFinder$Request::component3 (5 bytes)
Event: 9.363 Thread 0x000001ce58c0e950 nmethod 4190 0x000001ce4a82f710 code [0x000001ce4a82f8a0, 0x000001ce4a82f978]
Event: 9.364 Thread 0x000001ce58c0e950 4191       3       org.jetbrains.kotlin.com.intellij.openapi.util.Pair::hashCode (45 bytes)
Event: 9.364 Thread 0x000001ce58c0e950 nmethod 4191 0x000001ce43467b10 code [0x000001ce43467cc0, 0x000001ce43468018]
Event: 9.366 Thread 0x000001ce58c0e950 4192       3       org.jetbrains.kotlin.load.java.lazy.descriptors.LazyJavaPackageScope::findClassifier (70 bytes)
Event: 9.368 Thread 0x000001ce58c0e950 nmethod 4192 0x000001ce43468110 code [0x000001ce434683c0, 0x000001ce43469288]
Event: 9.369 Thread 0x000001ce58c0e950 4193       1       org.jetbrains.kotlin.descriptors.impl.FunctionDescriptorImpl::getExtensionReceiverParameter (5 bytes)
Event: 9.369 Thread 0x000001ce58c0e950 nmethod 4193 0x000001ce4a82fa10 code [0x000001ce4a82fba0, 0x000001ce4a82fc78]

GC Heap History (20 events):
Event: 4.589 GC heap before
{Heap before GC invocations=5 (full 0):
 garbage-first heap   total 40960K, used 31028K [0x0000000081c00000, 0x0000000100000000)
  region size 1024K, 24 young (24576K), 6 survivors (6144K)
 Metaspace       used 30212K, committed 30464K, reserved 1114112K
  class space    used 3757K, committed 3840K, reserved 1048576K
}
Event: 4.610 GC heap after
{Heap after GC invocations=6 (full 0):
 garbage-first heap   total 43008K, used 17707K [0x0000000081c00000, 0x0000000100000000)
  region size 1024K, 3 young (3072K), 3 survivors (3072K)
 Metaspace       used 30212K, committed 30464K, reserved 1114112K
  class space    used 3757K, committed 3840K, reserved 1048576K
}
Event: 5.202 GC heap before
{Heap before GC invocations=6 (full 0):
 garbage-first heap   total 43008K, used 28971K [0x0000000081c00000, 0x0000000100000000)
  region size 1024K, 15 young (15360K), 3 survivors (3072K)
 Metaspace       used 33839K, committed 34048K, reserved 1114112K
  class space    used 4372K, committed 4480K, reserved 1048576K
}
Event: 5.213 GC heap after
{Heap after GC invocations=7 (full 0):
 garbage-first heap   total 43008K, used 19633K [0x0000000081c00000, 0x0000000100000000)
  region size 1024K, 2 young (2048K), 2 survivors (2048K)
 Metaspace       used 33839K, committed 34048K, reserved 1114112K
  class space    used 4372K, committed 4480K, reserved 1048576K
}
Event: 5.652 GC heap before
{Heap before GC invocations=7 (full 0):
 garbage-first heap   total 43008K, used 28849K [0x0000000081c00000, 0x0000000100000000)
  region size 1024K, 13 young (13312K), 2 survivors (2048K)
 Metaspace       used 35915K, committed 36096K, reserved 1114112K
  class space    used 4595K, committed 4672K, reserved 1048576K
}
Event: 5.661 GC heap after
{Heap after GC invocations=8 (full 0):
 garbage-first heap   total 43008K, used 19078K [0x0000000081c00000, 0x0000000100000000)
  region size 1024K, 2 young (2048K), 2 survivors (2048K)
 Metaspace       used 35915K, committed 36096K, reserved 1114112K
  class space    used 4595K, committed 4672K, reserved 1048576K
}
Event: 6.057 GC heap before
{Heap before GC invocations=9 (full 0):
 garbage-first heap   total 43008K, used 30342K [0x0000000081c00000, 0x0000000100000000)
  region size 1024K, 14 young (14336K), 2 survivors (2048K)
 Metaspace       used 38185K, committed 38400K, reserved 1114112K
  class space    used 4850K, committed 4928K, reserved 1048576K
}
Event: 6.064 GC heap after
{Heap after GC invocations=10 (full 0):
 garbage-first heap   total 43008K, used 20568K [0x0000000081c00000, 0x0000000100000000)
  region size 1024K, 2 young (2048K), 2 survivors (2048K)
 Metaspace       used 38185K, committed 38400K, reserved 1114112K
  class space    used 4850K, committed 4928K, reserved 1048576K
}
Event: 6.104 GC heap before
{Heap before GC invocations=10 (full 0):
 garbage-first heap   total 43008K, used 21592K [0x0000000081c00000, 0x0000000100000000)
  region size 1024K, 3 young (3072K), 2 survivors (2048K)
 Metaspace       used 38372K, committed 38592K, reserved 1114112K
  class space    used 4873K, committed 4928K, reserved 1048576K
}
Event: 6.111 GC heap after
{Heap after GC invocations=11 (full 0):
 garbage-first heap   total 52224K, used 19447K [0x0000000081c00000, 0x0000000100000000)
  region size 1024K, 1 young (1024K), 1 survivors (1024K)
 Metaspace       used 38372K, committed 38592K, reserved 1114112K
  class space    used 4873K, committed 4928K, reserved 1048576K
}
Event: 6.582 GC heap before
{Heap before GC invocations=11 (full 0):
 garbage-first heap   total 52224K, used 36855K [0x0000000081c00000, 0x0000000100000000)
  region size 1024K, 18 young (18432K), 1 survivors (1024K)
 Metaspace       used 41898K, committed 42112K, reserved 1114112K
  class space    used 5181K, committed 5248K, reserved 1048576K
}
Event: 6.588 GC heap after
{Heap after GC invocations=12 (full 0):
 garbage-first heap   total 52224K, used 20518K [0x0000000081c00000, 0x0000000100000000)
  region size 1024K, 2 young (2048K), 2 survivors (2048K)
 Metaspace       used 41898K, committed 42112K, reserved 1114112K
  class space    used 5181K, committed 5248K, reserved 1048576K
}
Event: 7.440 GC heap before
{Heap before GC invocations=12 (full 0):
 garbage-first heap   total 52224K, used 39974K [0x0000000081c00000, 0x0000000100000000)
  region size 1024K, 19 young (19456K), 2 survivors (2048K)
 Metaspace       used 46548K, committed 46784K, reserved 1114112K
  class space    used 5697K, committed 5824K, reserved 1048576K
}
Event: 7.450 GC heap after
{Heap after GC invocations=13 (full 0):
 garbage-first heap   total 52224K, used 24849K [0x0000000081c00000, 0x0000000100000000)
  region size 1024K, 3 young (3072K), 3 survivors (3072K)
 Metaspace       used 46548K, committed 46784K, reserved 1114112K
  class space    used 5697K, committed 5824K, reserved 1048576K
}
Event: 7.996 GC heap before
{Heap before GC invocations=13 (full 0):
 garbage-first heap   total 52224K, used 39185K [0x0000000081c00000, 0x0000000100000000)
  region size 1024K, 17 young (17408K), 3 survivors (3072K)
 Metaspace       used 48928K, committed 49216K, reserved 1114112K
  class space    used 5969K, committed 6144K, reserved 1048576K
}
Event: 8.009 GC heap after
{Heap after GC invocations=14 (full 0):
 garbage-first heap   total 52224K, used 27913K [0x0000000081c00000, 0x0000000100000000)
  region size 1024K, 3 young (3072K), 3 survivors (3072K)
 Metaspace       used 48928K, committed 49216K, reserved 1114112K
  class space    used 5969K, committed 6144K, reserved 1048576K
}
Event: 8.545 GC heap before
{Heap before GC invocations=14 (full 0):
 garbage-first heap   total 52224K, used 39177K [0x0000000081c00000, 0x0000000100000000)
  region size 1024K, 14 young (14336K), 3 survivors (3072K)
 Metaspace       used 50941K, committed 51200K, reserved 1114112K
  class space    used 6213K, committed 6336K, reserved 1048576K
}
Event: 8.555 GC heap after
{Heap after GC invocations=15 (full 0):
 garbage-first heap   total 79872K, used 29764K [0x0000000081c00000, 0x0000000100000000)
  region size 1024K, 2 young (2048K), 2 survivors (2048K)
 Metaspace       used 50941K, committed 51200K, reserved 1114112K
  class space    used 6213K, committed 6336K, reserved 1048576K
}
Event: 9.081 GC heap before
{Heap before GC invocations=16 (full 0):
 garbage-first heap   total 79872K, used 58436K [0x0000000081c00000, 0x0000000100000000)
  region size 1024K, 29 young (29696K), 2 survivors (2048K)
 Metaspace       used 51267K, committed 51584K, reserved 1114112K
  class space    used 6252K, committed 6400K, reserved 1048576K
}
Event: 9.092 GC heap after
{Heap after GC invocations=17 (full 0):
 garbage-first heap   total 79872K, used 31829K [0x0000000081c00000, 0x0000000100000000)
  region size 1024K, 4 young (4096K), 4 survivors (4096K)
 Metaspace       used 51267K, committed 51584K, reserved 1114112K
  class space    used 6252K, committed 6400K, reserved 1048576K
}

Dll operation events (2 events):
Event: 0.015 Loaded shared library C:\Program Files\Android\Android Studio1\jbr\bin\java.dll
Event: 3.682 Loaded shared library C:\Program Files\Android\Android Studio1\jbr\bin\verify.dll

Deoptimization events (20 events):
Event: 8.480 Thread 0x000001ce3f6def80 DEOPT PACKING pc=0x000001ce4a7cd864 sp=0x00000064a72fbe10
Event: 8.480 Thread 0x000001ce3f6def80 DEOPT UNPACKING pc=0x000001ce4a1469a3 sp=0x00000064a72fbda8 mode 2
Event: 8.928 Thread 0x000001ce3f6def80 DEOPT PACKING pc=0x000001ce433e22a1 sp=0x00000064a72fb4a0
Event: 8.928 Thread 0x000001ce3f6def80 DEOPT UNPACKING pc=0x000001ce4a147143 sp=0x00000064a72fa9a8 mode 0
Event: 8.944 Thread 0x000001ce3f6def80 DEOPT PACKING pc=0x000001ce433e22a1 sp=0x00000064a72fb4a0
Event: 8.944 Thread 0x000001ce3f6def80 DEOPT UNPACKING pc=0x000001ce4a147143 sp=0x00000064a72fa9a8 mode 0
Event: 8.977 Thread 0x000001ce3f6def80 DEOPT PACKING pc=0x000001ce433e22a1 sp=0x00000064a72fb4a0
Event: 8.977 Thread 0x000001ce3f6def80 DEOPT UNPACKING pc=0x000001ce4a147143 sp=0x00000064a72fa9a8 mode 0
Event: 9.006 Thread 0x000001ce3f6def80 DEOPT PACKING pc=0x000001ce433e22a1 sp=0x00000064a72fb4a0
Event: 9.006 Thread 0x000001ce3f6def80 DEOPT UNPACKING pc=0x000001ce4a147143 sp=0x00000064a72fa9a8 mode 0
Event: 9.014 Thread 0x000001ce3f6def80 DEOPT PACKING pc=0x000001ce433e22a1 sp=0x00000064a72fb4a0
Event: 9.014 Thread 0x000001ce3f6def80 DEOPT UNPACKING pc=0x000001ce4a147143 sp=0x00000064a72fa9a8 mode 0
Event: 9.137 Thread 0x000001ce3f6def80 Uncommon trap: trap_request=0xffffffc6 fr.pc=0x000001ce4a7c3a54 relative=0x0000000000000cd4
Event: 9.137 Thread 0x000001ce3f6def80 Uncommon trap: reason=bimorphic_or_optimized_type_check action=maybe_recompile pc=0x000001ce4a7c3a54 method=java.util.HashMap.putVal(ILjava/lang/Object;Ljava/lang/Object;ZZ)Ljava/lang/Object; @ 203 c2
Event: 9.137 Thread 0x000001ce3f6def80 DEOPT PACKING pc=0x000001ce4a7c3a54 sp=0x00000064a72fca50
Event: 9.137 Thread 0x000001ce3f6def80 DEOPT UNPACKING pc=0x000001ce4a1469a3 sp=0x00000064a72fc9e0 mode 2
Event: 9.152 Thread 0x000001ce3f6def80 Uncommon trap: trap_request=0xffffffc6 fr.pc=0x000001ce4a7c3a54 relative=0x0000000000000cd4
Event: 9.152 Thread 0x000001ce3f6def80 Uncommon trap: reason=bimorphic_or_optimized_type_check action=maybe_recompile pc=0x000001ce4a7c3a54 method=java.util.HashMap.putVal(ILjava/lang/Object;Ljava/lang/Object;ZZ)Ljava/lang/Object; @ 203 c2
Event: 9.152 Thread 0x000001ce3f6def80 DEOPT PACKING pc=0x000001ce4a7c3a54 sp=0x00000064a72fb460
Event: 9.152 Thread 0x000001ce3f6def80 DEOPT UNPACKING pc=0x000001ce4a1469a3 sp=0x00000064a72fb3f0 mode 2

Classes unloaded (0 events):
No events

Classes redefined (0 events):
No events

Internal exceptions (20 events):
Event: 3.275 Thread 0x000001ce3f6def80 Exception <a 'java/lang/NoSuchMethodError'{0x00000000838f5270}: 'int java.lang.invoke.DelegatingMethodHandle$Holder.reinvoke_L(java.lang.Object, java.lang.Object, java.lang.Object, long, java.lang.Object, java.lang.Object)'> (0x00000000838f5270) 
thrown [s\src\hotspot\share\interpreter\linkResolver.cpp, line 771]
Event: 3.277 Thread 0x000001ce3f6def80 Exception <a 'java/lang/NoSuchMethodError'{0x0000000083704298}: 'int java.lang.invoke.DelegatingMethodHandle$Holder.reinvoke_L(java.lang.Object, java.lang.Object, java.lang.Object, long, int, int)'> (0x0000000083704298) 
thrown [s\src\hotspot\share\interpreter\linkResolver.cpp, line 771]
Event: 3.291 Thread 0x000001ce3f6def80 Exception <a 'java/lang/NoSuchMethodError'{0x0000000083712bd0}: 'int java.lang.invoke.DelegatingMethodHandle$Holder.reinvoke_L(java.lang.Object, java.lang.Object, java.lang.Object, long, long, long)'> (0x0000000083712bd0) 
thrown [s\src\hotspot\share\interpreter\linkResolver.cpp, line 771]
Event: 3.294 Thread 0x000001ce3f6def80 Exception <a 'java/lang/NoSuchMethodError'{0x00000000837211e8}: 'int java.lang.invoke.DelegatingMethodHandle$Holder.reinvoke_L(java.lang.Object, java.lang.Object, java.lang.Object, long, int)'> (0x00000000837211e8) 
thrown [s\src\hotspot\share\interpreter\linkResolver.cpp, line 771]
Event: 3.320 Thread 0x000001ce3f6def80 Exception <a 'java/lang/NoSuchMethodError'{0x00000000837cb330}: 'int java.lang.invoke.DirectMethodHandle$Holder.invokeStaticInit(java.lang.Object, java.lang.Object, java.lang.Object)'> (0x00000000837cb330) 
thrown [s\src\hotspot\share\interpreter\linkResolver.cpp, line 771]
Event: 3.327 Thread 0x000001ce3f6def80 Exception <a 'java/lang/NoSuchMethodError'{0x00000000837f3178}: 'int java.lang.invoke.DirectMethodHandle$Holder.invokeStaticInit(java.lang.Object, java.lang.Object)'> (0x00000000837f3178) 
thrown [s\src\hotspot\share\interpreter\linkResolver.cpp, line 771]
Event: 3.360 Thread 0x000001ce3f6def80 Exception <a 'java/lang/NoSuchMethodError'{0x00000000836d1760}: 'void java.lang.invoke.DirectMethodHandle$Holder.invokeSpecial(java.lang.Object, java.lang.Object, java.lang.Object)'> (0x00000000836d1760) 
thrown [s\src\hotspot\share\interpreter\linkResolver.cpp, line 771]
Event: 3.492 Thread 0x000001ce3f6def80 Exception <a 'java/lang/NoSuchMethodError'{0x00000000833f6598}: 'void java.lang.invoke.DirectMethodHandle$Holder.invokeStatic(java.lang.Object, java.lang.Object, java.lang.Object, java.lang.Object)'> (0x00000000833f6598) 
thrown [s\src\hotspot\share\interpreter\linkResolver.cpp, line 771]
Event: 3.625 Thread 0x000001ce3f6def80 Exception <a 'java/lang/NoSuchMethodError'{0x0000000082fc6d40}: 'void java.lang.invoke.DirectMethodHandle$Holder.invokeStaticInit(java.lang.Object, java.lang.Object)'> (0x0000000082fc6d40) 
thrown [s\src\hotspot\share\interpreter\linkResolver.cpp, line 771]
Event: 3.799 Thread 0x000001ce3f6def80 Exception <a 'java/lang/NoSuchMethodError'{0x0000000082a95c20}: 'void java.lang.invoke.DirectMethodHandle$Holder.invokeVirtual(java.lang.Object, java.lang.Object)'> (0x0000000082a95c20) 
thrown [s\src\hotspot\share\interpreter\linkResolver.cpp, line 771]
Event: 3.810 Thread 0x000001ce3f6def80 Exception <a 'java/lang/NoSuchMethodError'{0x0000000082ae15a0}: 'int java.lang.invoke.DirectMethodHandle$Holder.invokeVirtual(java.lang.Object, java.lang.Object)'> (0x0000000082ae15a0) 
thrown [s\src\hotspot\share\interpreter\linkResolver.cpp, line 771]
Event: 3.842 Thread 0x000001ce3f6def80 Exception <a 'java/lang/NoSuchMethodError'{0x00000000829794a0}: 'java.lang.Object java.lang.invoke.Invokers$Holder.invokeExact_MT(java.lang.Object, java.lang.Object, java.lang.Object, java.lang.Object, java.lang.Object, java.lang.Object)'> (0x00000000829794a0) 
thrown [s\src\hotspot\share\interpreter\linkResolver.cpp, line 771]
Event: 5.027 Thread 0x000001ce3f6def80 Implicit null exception at 0x000001ce4a6a8ff2 to 0x000001ce4a6a960c
Event: 5.351 Thread 0x000001ce3f6def80 Implicit null exception at 0x000001ce4a6aa972 to 0x000001ce4a6aafac
Event: 5.446 Thread 0x000001ce3f6def80 Exception <a 'java/lang/NoSuchMethodError'{0x0000000087ca8378}: 'java.lang.Object java.lang.invoke.DirectMethodHandle$Holder.invokeVirtual(java.lang.Object, java.lang.Object, java.lang.Object)'> (0x0000000087ca8378) 
thrown [s\src\hotspot\share\interpreter\linkResolver.cpp, line 771]
Event: 6.841 Thread 0x000001ce3f6def80 Exception <a 'java/lang/NoSuchMethodError'{0x0000000087cb8888}: 'java.lang.Object java.lang.invoke.DirectMethodHandle$Holder.newInvokeSpecial(java.lang.Object, java.lang.Object, int)'> (0x0000000087cb8888) 
thrown [s\src\hotspot\share\interpreter\linkResolver.cpp, line 771]
Event: 8.047 Thread 0x000001ce3f6def80 Exception <a 'java/lang/NoSuchMethodError'{0x000000008802ceb8}: 'java.lang.Object java.lang.invoke.DirectMethodHandle$Holder.newInvokeSpecial(java.lang.Object, java.lang.Object, java.lang.Object, int)'> (0x000000008802ceb8) 
thrown [s\src\hotspot\share\interpreter\linkResolver.cpp, line 771]
Event: 8.047 Thread 0x000001ce3f6def80 Exception <a 'java/lang/NoSuchMethodError'{0x0000000088031298}: 'java.lang.Object java.lang.invoke.DirectMethodHandle$Holder.invokeSpecial(java.lang.Object, java.lang.Object, java.lang.Object, java.lang.Object, int)'> (0x0000000088031298) 
thrown [s\src\hotspot\share\interpreter\linkResolver.cpp, line 771]
Event: 8.048 Thread 0x000001ce3f6def80 Exception <a 'java/lang/NoSuchMethodError'{0x0000000088034e60}: 'java.lang.Object java.lang.invoke.Invokers$Holder.linkToTargetMethod(java.lang.Object, java.lang.Object, int, java.lang.Object)'> (0x0000000088034e60) 
thrown [s\src\hotspot\share\interpreter\linkResolver.cpp, line 771]
Event: 9.118 Thread 0x000001ce3f6def80 Exception <a 'java/lang/NoSuchMethodError'{0x0000000089bcd8a8}: 'java.lang.Object java.lang.invoke.DirectMethodHandle$Holder.newInvokeSpecial(java.lang.Object, java.lang.Object, java.lang.Object, java.lang.Object, java.lang.Object, java.lang.Object)'> (0x0000000089bcd8a8) 
thrown [s\src\hotspot\share\interpreter\linkResolver.cpp, line 771]

VM Operations (20 events):
Event: 7.559 Executing VM operation: HandshakeAllThreads
Event: 7.559 Executing VM operation: HandshakeAllThreads done
Event: 7.772 Executing VM operation: HandshakeAllThreads
Event: 7.772 Executing VM operation: HandshakeAllThreads done
Event: 7.996 Executing VM operation: G1CollectForAllocation
Event: 8.009 Executing VM operation: G1CollectForAllocation done
Event: 8.455 Executing VM operation: HandshakeAllThreads
Event: 8.455 Executing VM operation: HandshakeAllThreads done
Event: 8.544 Executing VM operation: G1CollectForAllocation
Event: 8.555 Executing VM operation: G1CollectForAllocation done
Event: 8.615 Executing VM operation: G1PauseRemark
Event: 8.620 Executing VM operation: G1PauseRemark done
Event: 8.650 Executing VM operation: G1PauseCleanup
Event: 8.650 Executing VM operation: G1PauseCleanup done
Event: 8.666 Executing VM operation: HandshakeAllThreads
Event: 8.666 Executing VM operation: HandshakeAllThreads done
Event: 8.672 Executing VM operation: HandshakeAllThreads
Event: 8.672 Executing VM operation: HandshakeAllThreads done
Event: 9.081 Executing VM operation: G1CollectForAllocation
Event: 9.092 Executing VM operation: G1CollectForAllocation done

Events (20 events):
Event: 8.140 loading class java/util/stream/IntPipeline done
Event: 8.140 loading class java/util/stream/IntPipeline$Head done
Event: 8.141 loading class java/util/stream/IntPipeline$1
Event: 8.141 loading class java/util/stream/IntPipeline$1 done
Event: 8.142 loading class java/util/stream/ReferencePipeline$2
Event: 8.142 loading class java/util/stream/ReferencePipeline$2 done
Event: 8.143 loading class java/util/stream/ReferencePipeline$2$1
Event: 8.144 loading class java/util/stream/ReferencePipeline$2$1 done
Event: 8.144 loading class java/util/stream/IntPipeline$1$1
Event: 8.144 loading class java/util/stream/Sink$ChainedInt
Event: 8.144 loading class java/util/stream/Sink$OfInt
Event: 8.144 loading class java/util/function/IntConsumer
Event: 8.144 loading class java/util/function/IntConsumer done
Event: 8.144 loading class java/util/stream/Sink$OfInt done
Event: 8.144 loading class java/util/stream/Sink$ChainedInt done
Event: 8.144 loading class java/util/stream/IntPipeline$1$1 done
Event: 8.361 loading class java/io/InvalidObjectException
Event: 8.361 loading class java/io/InvalidObjectException done
Event: 9.127 loading class java/util/RegularEnumSet$EnumSetIterator
Event: 9.127 loading class java/util/RegularEnumSet$EnumSetIterator done


Dynamic libraries:
0x00007ff7ed590000 - 0x00007ff7ed59a000 	C:\Program Files\Android\Android Studio1\jbr\bin\java.exe
0x00007ff98a590000 - 0x00007ff98a788000 	C:\Windows\SYSTEM32\ntdll.dll
0x00007ff9888b0000 - 0x00007ff988971000 	C:\Windows\System32\KERNEL32.DLL
0x00007ff988040000 - 0x00007ff98833d000 	C:\Windows\System32\KERNELBASE.dll
0x00007ff988340000 - 0x00007ff988440000 	C:\Windows\System32\ucrtbase.dll
0x00007ff9724e0000 - 0x00007ff9724f7000 	C:\Program Files\Android\Android Studio1\jbr\bin\jli.dll
0x00007ff9885c0000 - 0x00007ff98875d000 	C:\Windows\System32\USER32.dll
0x00007ff988440000 - 0x00007ff988462000 	C:\Windows\System32\win32u.dll
0x00007ff9890e0000 - 0x00007ff98910b000 	C:\Windows\System32\GDI32.dll
0x00007ff987e90000 - 0x00007ff987fa7000 	C:\Windows\System32\gdi32full.dll
0x00007ff988520000 - 0x00007ff9885bd000 	C:\Windows\System32\msvcp_win.dll
0x00007ff9721f0000 - 0x00007ff97248a000 	C:\Windows\WinSxS\amd64_microsoft.windows.common-controls_6595b64144ccf1df_6.0.19041.4355_none_60b8b9eb71f62e16\COMCTL32.dll
0x00007ff989040000 - 0x00007ff9890de000 	C:\Windows\System32\msvcrt.dll
0x00007ff97e050000 - 0x00007ff97e06b000 	C:\Program Files\Android\Android Studio1\jbr\bin\VCRUNTIME140.dll
0x00007ff988760000 - 0x00007ff98878f000 	C:\Windows\System32\IMM32.DLL
0x00007ff97ef10000 - 0x00007ff97ef1c000 	C:\Program Files\Android\Android Studio1\jbr\bin\vcruntime140_1.dll
0x00007ff9566a0000 - 0x00007ff95672d000 	C:\Program Files\Android\Android Studio1\jbr\bin\msvcp140.dll
0x00007ff9348b0000 - 0x00007ff935533000 	C:\Program Files\Android\Android Studio1\jbr\bin\server\jvm.dll
0x00007ff988aa0000 - 0x00007ff988b50000 	C:\Windows\System32\ADVAPI32.dll
0x00007ff988980000 - 0x00007ff988a20000 	C:\Windows\System32\sechost.dll
0x00007ff98a420000 - 0x00007ff98a543000 	C:\Windows\System32\RPCRT4.dll
0x00007ff987cb0000 - 0x00007ff987cd7000 	C:\Windows\System32\bcrypt.dll
0x00007ff987aa0000 - 0x00007ff987aeb000 	C:\Windows\SYSTEM32\POWRPROF.dll
0x00007ff981d80000 - 0x00007ff981d89000 	C:\Windows\SYSTEM32\WSOCK32.dll
0x00007ff988a30000 - 0x00007ff988a9b000 	C:\Windows\System32\WS2_32.dll
0x00007ff969680000 - 0x00007ff9696a7000 	C:\Windows\SYSTEM32\WINMM.dll
0x00007ff97a430000 - 0x00007ff97a43a000 	C:\Windows\SYSTEM32\VERSION.dll
0x00007ff987a80000 - 0x00007ff987a92000 	C:\Windows\SYSTEM32\UMPDC.dll
0x00007ff9864b0000 - 0x00007ff9864c2000 	C:\Windows\SYSTEM32\kernel.appcore.dll
0x00007ff981d70000 - 0x00007ff981d7a000 	C:\Program Files\Android\Android Studio1\jbr\bin\jimage.dll
0x00007ff985a90000 - 0x00007ff985c74000 	C:\Windows\SYSTEM32\DBGHELP.DLL
0x00007ff94b710000 - 0x00007ff94b744000 	C:\Windows\SYSTEM32\dbgcore.DLL
0x00007ff987fb0000 - 0x00007ff988032000 	C:\Windows\System32\bcryptPrimitives.dll
0x00007ff981d40000 - 0x00007ff981d65000 	C:\Program Files\Android\Android Studio1\jbr\bin\java.dll
0x00007ff973910000 - 0x00007ff973928000 	C:\Program Files\Android\Android Studio1\jbr\bin\zip.dll
0x00007ff989920000 - 0x00007ff98a08f000 	C:\Windows\System32\SHELL32.dll
0x00007ff985c80000 - 0x00007ff986423000 	C:\Windows\SYSTEM32\windows.storage.dll
0x00007ff9895c0000 - 0x00007ff989913000 	C:\Windows\System32\combase.dll
0x00007ff987600000 - 0x00007ff98762e000 	C:\Windows\SYSTEM32\Wldp.dll
0x00007ff989490000 - 0x00007ff98955d000 	C:\Windows\System32\OLEAUT32.dll
0x00007ff98a1c0000 - 0x00007ff98a26d000 	C:\Windows\System32\SHCORE.dll
0x00007ff989270000 - 0x00007ff9892c5000 	C:\Windows\System32\shlwapi.dll
0x00007ff987b70000 - 0x00007ff987b94000 	C:\Windows\SYSTEM32\profapi.dll
0x00007ff9738f0000 - 0x00007ff973909000 	C:\Program Files\Android\Android Studio1\jbr\bin\net.dll
0x00007ff979d00000 - 0x00007ff979e0d000 	C:\Windows\SYSTEM32\WINHTTP.dll
0x00007ff987300000 - 0x00007ff98736a000 	C:\Windows\system32\mswsock.dll
0x00007ff9738d0000 - 0x00007ff9738e6000 	C:\Program Files\Android\Android Studio1\jbr\bin\nio.dll
0x00007ff972720000 - 0x00007ff972730000 	C:\Program Files\Android\Android Studio1\jbr\bin\verify.dll

dbghelp: loaded successfully - version: 4.0.5 - missing functions: none
symbol engine: initialized successfully - sym options: 0x614 - pdb path: .;C:\Program Files\Android\Android Studio1\jbr\bin;C:\Windows\SYSTEM32;C:\Windows\WinSxS\amd64_microsoft.windows.common-controls_6595b64144ccf1df_6.0.19041.4355_none_60b8b9eb71f62e16;C:\Program Files\Android\Android Studio1\jbr\bin\server

VM Arguments:
java_command: org.jetbrains.kotlin.cli.jvm.K2JVMCompiler @C:\Users\USER\Documents\code jp\john\EquiFarmApplication\app\build\20240917_9498458971551215823.compiler.options
java_class_path (initial): C:\Users\USER\.gradle\caches\modules-2\files-2.1\org.jetbrains.kotlin\kotlin-compiler-embeddable\1.9.0\2c8c3a7402becca891f12739b3e9fd2dc2adbd7a\kotlin-compiler-embeddable-1.9.0.jar;C:\Users\USER\.gradle\caches\modules-2\files-2.1\org.jetbrains.kotlin\kotlin-stdlib\1.9.0\8ee15ef0c67dc83d874f412d84378d7f0eb50b63\kotlin-stdlib-1.9.0.jar;C:\Users\USER\.gradle\caches\modules-2\files-2.1\org.jetbrains.kotlin\kotlin-script-runtime\1.9.0\4b3102cbbb7e1b58d9d1adf89563f00069ffa7d1\kotlin-script-runtime-1.9.0.jar;C:\Users\USER\.gradle\caches\modules-2\files-2.1\org.jetbrains.kotlin\kotlin-reflect\1.6.10\1cbe9c92c12a94eea200d23c2bbaedaf3daf5132\kotlin-reflect-1.6.10.jar;C:\Users\USER\.gradle\caches\modules-2\files-2.1\org.jetbrains.kotlin\kotlin-daemon-embeddable\1.9.0\186543f5e28cf8d9a0290fecc2cf34301c40a65c\kotlin-daemon-embeddable-1.9.0.jar;C:\Users\USER\.gradle\caches\modules-2\files-2.1\org.jetbrains.intellij.deps\trove4j\1.0.20200330\3afb14d5f9ceb459d724e907a21145e8ff394f02\trove4j-1.0.20200330.jar;C:\Users\USER\.gradle\caches\modules-2\files-2.1\org.jetbrains.kotlin\kotlin-stdlib-common\1.9.0\cd65c21cfd1eec4d44ef09f9f52b6d9f8a720636\kotlin-stdlib-common-1.9.0.jar;C:\Users\USER\.gradle\caches\modules-2\files-2.1\org.jetbrains\annotations\13.0\919f0dfe192fb4e063e7dacadee7f8bb9a2672a9\annotations-13.0.jar
Launcher Type: SUN_STANDARD

[Global flags]
     intx CICompilerCount                          = 3                                         {product} {ergonomic}
     uint ConcGCThreads                            = 1                                         {product} {ergonomic}
     uint G1ConcRefinementThreads                  = 4                                         {product} {ergonomic}
   size_t G1HeapRegionSize                         = 1048576                                   {product} {ergonomic}
    uintx GCDrainStackTargetSize                   = 64                                        {product} {ergonomic}
   size_t InitialHeapSize                          = 134217728                                 {product} {ergonomic}
   size_t MarkStackSize                            = 4194304                                   {product} {ergonomic}
   size_t MaxHeapSize                              = 2118123520                                {product} {ergonomic}
   size_t MaxNewSize                               = 1270874112                                {product} {ergonomic}
   size_t MinHeapDeltaBytes                        = 1048576                                   {product} {ergonomic}
   size_t MinHeapSize                              = 8388608                                   {product} {ergonomic}
    uintx NonNMethodCodeHeapSize                   = 5832780                                {pd product} {ergonomic}
    uintx NonProfiledCodeHeapSize                  = 122912730                              {pd product} {ergonomic}
    uintx ProfiledCodeHeapSize                     = 122912730                              {pd product} {ergonomic}
    uintx ReservedCodeCacheSize                    = 251658240                              {pd product} {ergonomic}
     bool SegmentedCodeCache                       = true                                      {product} {ergonomic}
   size_t SoftMaxHeapSize                          = 2118123520                             {manageable} {ergonomic}
     bool UseCompressedClassPointers               = true                           {product lp64_product} {ergonomic}
     bool UseCompressedOops                        = true                           {product lp64_product} {ergonomic}
     bool UseG1GC                                  = true                                      {product} {ergonomic}
     bool UseLargePagesIndividualAllocation        = false                                  {pd product} {ergonomic}

Logging:
Log output configuration:
 #0: stdout all=warning uptime,level,tags
 #1: stderr all=off uptime,level,tags

Environment Variables:
JAVA_HOME=C:\Program Files\Java\jdk-22\
PATH=C:\Program Files\Common Files\Oracle\Java\javapath;C:\Windows\system32;C:\Windows;C:\Windows\System32\Wbem;C:\Windows\System32\WindowsPowerShell\v1.0\;C:\Windows\System32\OpenSSH\;C:\Program Files\dotnet\;C:\Program Files (x86)\Windows Kits\10\Windows Performance Toolkit\;C:\Program Files\Git\cmd;C:\Program Files\Java\jdk-22\bin;C:\Users\USER\AppData\Local\Programs\Python\Python312\Scripts\;C:\Users\USER\AppData\Local\Programs\Python\Python312\;C:\Users\USER\AppData\Local\Programs\Python\Launcher\;C:\Users\USER\AppData\Local\Microsoft\WindowsApps;C:\Program Files\Android\Android Studio\bin;C:\dev\flutter\bin;C:\Users\USER\AppData\Local\Android\Sdk\platform-tools;C:\Users\USER\AppData\Local\GitHubDesktop\bin;C:\Users\USER\dev\flutter\bin;C:\Program Files\Microsoft Visual Studio\2022\Preview\VC\Auxiliary\Build;C:\Users\USER\.dotnet\tools;C:\Program Files\JetBrains\PyCharm Community Edition 2024.2.1\bin;
USERNAME=USER
OS=Windows_NT
PROCESSOR_IDENTIFIER=Intel64 Family 6 Model 78 Stepping 3, GenuineIntel
TMP=C:\Users\USER\AppData\Local\Temp
TEMP=C:\Users\USER\AppData\Local\Temp



Periodic native trim disabled

JNI global refs:
JNI global refs: 8, weak refs: 2

JNI global refs memory usage: 843, weak refs: 841

OOME stack traces (most recent first):
Classloader memory used:
Loader jdk.internal.loader.ClassLoaders$AppClassLoader                                 : 5192K
Loader bootstrap                                                                       : 1335K
Loader java.net.URLClassLoader                                                         : 22491B
Loader jdk.internal.reflect.DelegatingClassLoader                                      : 8009B
Loader jdk.internal.loader.ClassLoaders$PlatformClassLoader                            : 2276B


---------------  S Y S T E M  ---------------

OS:
 Windows 10 , 64 bit Build 19041 (10.0.19041.4842)
OS uptime: 0 days 11:26 hours

CPU: total 4 (initial active 4) (2 cores per cpu, 2 threads per core) family 6 model 78 stepping 3 microcode 0xea, cx8, cmov, fxsr, ht, mmx, 3dnowpref, sse, sse2, sse3, ssse3, sse4.1, sse4.2, popcnt, lzcnt, tsc, tscinvbit, avx, avx2, aes, erms, clmul, bmi1, bmi2, adx, fma, vzeroupper, clflush, clflushopt
Processor Information for all 4 processors :
  Max Mhz: 2400, Current Mhz: 2300, Mhz Limit: 2280

Memory: 4k page, system-wide physical 8072M (343M free)
TotalPageFile size 23490M (AvailPageFile size 6M)
current process WorkingSet (physical memory assigned to process): 202M, peak: 202M
current process commit charge ("private bytes"): 232M, peak: 236M

vm_info: OpenJDK 64-Bit Server VM (17.0.10+0--11609105) for windows-amd64 JRE (17.0.10+0--11609105), built on Mar 21 2024 19:10:56 by "androidbuild" with MS VC++ 16.10 / 16.11 (VS2019)

END.
